Build started 16.01.2016 17:53:36.
     1>Project "E:\Projekty\Coding\Abstrakcyjne\Ex_9\Ex_9\Ex_9.vcxproj" on node 2 (Build target(s)).
     1>ClCompile:
         C:\Program Files (x86)\Microsoft Visual Studio 14.0\VC\bin\CL.exe /c /IE:\Projekty\Coding\Abstrakcyjne\Ex_9\packages\gmock.1.7.0\build\native\..\..\lib\native\include\ /Zi /nologo /W3 /WX- /sdl /O2 /Oi /Oy- /GL /D WIN32 /D NDEBUG /D _CONSOLE /D _UNICODE /D UNICODE /Gm- /EHsc /MD /GS /Gy /fp:precise /Zc:wchar_t /Zc:forScope /Zc:inline /Fo"Release\\" /Fd"Release\vc140.pdb" /Gd /TP /analyze- /errorReport:prompt board.cpp Tests.cpp
         board.cpp
         Tests.cpp
     1>e:\projekty\coding\abstrakcyjne\ex_9\ex_9\board.h(166): warning C4018: '<': signed/unsigned mismatch
         e:\projekty\coding\abstrakcyjne\ex_9\ex_9\board.h(164): note: while compiling class template member function 'Board<int>::Board(unsigned int,unsigned int,T)'
                 with
                 [
                     T=int
                 ]
         Tests.cpp(188): note: see reference to function template instantiation 'Board<int>::Board(unsigned int,unsigned int,T)' being compiled
                 with
                 [
                     T=int
                 ]
         Tests.cpp(29): note: see reference to class template instantiation 'Board<int>' being compiled
     1>e:\projekty\coding\abstrakcyjne\ex_9\ex_9\board.h(168): warning C4018: '<': signed/unsigned mismatch
     1>e:\projekty\coding\abstrakcyjne\ex_9\ex_9\board.h(153): warning C4018: '<': signed/unsigned mismatch
         e:\projekty\coding\abstrakcyjne\ex_9\ex_9\board.h(151): note: while compiling class template member function 'Board<int>::Board(unsigned int,unsigned int)'
         Tests.cpp(75): note: see reference to function template instantiation 'Board<int>::Board(unsigned int,unsigned int)' being compiled
     1>e:\projekty\coding\abstrakcyjne\ex_9\ex_9\board.h(155): warning C4018: '<': signed/unsigned mismatch
     1>e:\projekty\coding\abstrakcyjne\ex_9\ex_9\board.h(178): warning C4018: '<': signed/unsigned mismatch
         e:\projekty\coding\abstrakcyjne\ex_9\ex_9\board.h(177): note: while compiling class template member function 'void Board<int>::combineRows(unsigned int,unsigned int)'
         Tests.cpp(140): note: see reference to function template instantiation 'void Board<int>::combineRows(unsigned int,unsigned int)' being compiled
     1>e:\projekty\coding\abstrakcyjne\ex_9\ex_9\board.h(187): warning C4018: '<': signed/unsigned mismatch
         e:\projekty\coding\abstrakcyjne\ex_9\ex_9\board.h(186): note: while compiling class template member function 'void Board<int>::combineColumns(unsigned int,unsigned int)'
         Tests.cpp(167): note: see reference to function template instantiation 'void Board<int>::combineColumns(unsigned int,unsigned int)' being compiled
     1>e:\projekty\coding\abstrakcyjne\ex_9\ex_9\board.h(220): warning C4018: '<': signed/unsigned mismatch
         e:\projekty\coding\abstrakcyjne\ex_9\ex_9\board.h(214): note: while compiling class template member function 'void Board<int>::appendHorizontally(Board<int>)'
         Tests.cpp(211): note: see reference to function template instantiation 'void Board<int>::appendHorizontally(Board<int>)' being compiled
     1>e:\projekty\coding\abstrakcyjne\ex_9\ex_9\board.h(232): warning C4018: '<': signed/unsigned mismatch
     1>e:\projekty\coding\abstrakcyjne\ex_9\ex_9\board.h(240): warning C4018: '<': signed/unsigned mismatch
     1>e:\projekty\coding\abstrakcyjne\ex_9\ex_9\board.h(242): warning C4018: '<': signed/unsigned mismatch
     1>e:\projekty\coding\abstrakcyjne\ex_9\ex_9\board.h(325): warning C4018: '<': signed/unsigned mismatch
         e:\projekty\coding\abstrakcyjne\ex_9\ex_9\board.h(323): note: while compiling class template member function 'int &Board<int>::at(unsigned int,unsigned int)'
         Tests.cpp(34): note: see reference to function template instantiation 'int &Board<int>::at(unsigned int,unsigned int)' being compiled
     1>e:\projekty\coding\abstrakcyjne\ex_9\ex_9\board.h(205): warning C4018: '<': signed/unsigned mismatch
         e:\projekty\coding\abstrakcyjne\ex_9\ex_9\board.h(203): note: while compiling class template member function 'Board<char>::row_iterator Board<char>::insertColumn(Board<char>::row_iterator,T)'
                 with
                 [
                     T=char
                 ]
         Tests.cpp(486): note: see reference to function template instantiation 'Board<char>::row_iterator Board<char>::insertColumn(Board<char>::row_iterator,T)' being compiled
                 with
                 [
                     T=char
                 ]
     1>e:\projekty\coding\abstrakcyjne\ex_9\ex_9\board.h(257): warning C4018: '<': signed/unsigned mismatch
         e:\projekty\coding\abstrakcyjne\ex_9\ex_9\board.h(253): note: while compiling class template member function 'void Board<char>::appendVertically(Board<char>)'
         Tests.cpp(272): note: see reference to function template instantiation 'void Board<char>::appendVertically(Board<char>)' being compiled
     1>e:\projekty\coding\abstrakcyjne\ex_9\ex_9\board.h(271): warning C4018: '<': signed/unsigned mismatch
     1>e:\projekty\coding\abstrakcyjne\ex_9\ex_9\board.h(280): warning C4018: '<': signed/unsigned mismatch
     1>e:\projekty\coding\abstrakcyjne\ex_9\ex_9\board.h(282): warning C4018: '<': signed/unsigned mismatch
     1>e:\projekty\coding\abstrakcyjne\ex_9\ex_9\board.h(335): warning C4018: '<': signed/unsigned mismatch
         e:\projekty\coding\abstrakcyjne\ex_9\ex_9\board.h(333): note: while compiling class template member function 'void Board<int>::insertOnPos(unsigned int,unsigned int,T)'
                 with
                 [
                     T=int
                 ]
         e:\projekty\coding\abstrakcyjne\ex_9\ex_9\board.h(222): note: see reference to function template instantiation 'void Board<int>::insertOnPos(unsigned int,unsigned int,T)' being compiled
                 with
                 [
                     T=int
                 ]
         e:\projekty\coding\abstrakcyjne\ex_9\ex_9\board.h(164): note: while compiling class template member function 'Board<int>::Board(unsigned int,unsigned int,T)'
                 with
                 [
                     T=int
                 ]
         Tests.cpp(188): note: see reference to function template instantiation 'Board<int>::Board(unsigned int,unsigned int,T)' being compiled
                 with
                 [
                     T=int
                 ]
         C:\Program Files (x86)\Microsoft Visual Studio 14.0\VC\bin\CL.exe /c /IE:\Projekty\Coding\Abstrakcyjne\Ex_9\packages\gmock.1.7.0\build\native\..\..\lib\native\include\ /Zi /nologo /W3 /WX- /sdl /O2 /Oi /Oy- /GL /D WIN32 /D NDEBUG /D _CONSOLE /D _UNICODE /D UNICODE /Gm- /EHsc /MD /GS /Gy /fp:precise /Zc:wchar_t /Zc:forScope /Zc:inline /Fo"Release\\" /Fd"Release\vc140.pdb" /Gd /TP /analyze- /errorReport:prompt "E:\Projekty\Coding\Abstrakcyjne\Ex_9\packages\gmock.1.7.0\build\native\..\..\lib\native\src\gtest\gtest-all.cc" "E:\Projekty\Coding\Abstrakcyjne\Ex_9\packages\gmock.1.7.0\build\native\..\..\lib\native\src\gmock\gmock-all.cc"
         gtest-all.cc
         gmock-all.cc
       Link:
         C:\Program Files (x86)\Microsoft Visual Studio 14.0\VC\bin\link.exe /ERRORREPORT:PROMPT /OUT:"E:\Projekty\Coding\Abstrakcyjne\Ex_9\Release\Ex_9.exe" /INCREMENTAL:NO /NOLOGO kernel32.lib user32.lib gdi32.lib winspool.lib comdlg32.lib advapi32.lib shell32.lib ole32.lib oleaut32.lib uuid.lib odbc32.lib odbccp32.lib /MANIFEST /MANIFESTUAC:"level='asInvoker' uiAccess='false'" /manifest:embed /Debug /PDB:"E:\Projekty\Coding\Abstrakcyjne\Ex_9\Release\Ex_9.pdb" /SUBSYSTEM:CONSOLE /OPT:REF /OPT:ICF /LTCG:incremental /TLBID:1 /DYNAMICBASE /NXCOMPAT /IMPLIB:"E:\Projekty\Coding\Abstrakcyjne\Ex_9\Release\Ex_9.lib" /MACHINE:X86 /SAFESEH Release\board.obj
         Release\Tests.obj
         "Release\gtest-all.obj"
         "Release\gmock-all.obj"
         Generating code
         All 2640 functions were compiled because no usable IPDB/IOBJ from previous compilation was found.
         Finished generating code
         Ex_9.vcxproj -> E:\Projekty\Coding\Abstrakcyjne\Ex_9\Release\Ex_9.exe
     1>Done Building Project "E:\Projekty\Coding\Abstrakcyjne\Ex_9\Ex_9\Ex_9.vcxproj" (Build target(s)).

Build succeeded.

Time Elapsed 00:00:06.29
